Sender: LSF System <lsfadmin@cb196>
Subject: Job 4819133: <ana003> in cluster <centralcluster> Done

Job <ana003> was submitted from host <cw03> by user <yokugawa> in cluster <centralcluster> at Fri May 22 00:44:17 2020
Job was executed on host(s) <cb196>, in queue <s>, as user <yokugawa> in cluster <centralcluster> at Fri May 22 00:44:18 2020
</home/ilc/yokugawa> was used as the home directory.
</home/ilc/yokugawa/VertexRestorerNew/run> was used as the working directory.
Started at Fri May 22 00:44:18 2020
Terminated at Fri May 22 00:55:48 2020
Results reported at Fri May 22 00:55:48 2020

Your job looked like:

------------------------------------------------------------
# LSBATCH: User input
./runMarlin2 list/I108668_I108670_l5.list 7 9 VRsteer.xml gear_ILD_l5_v02.xml electron l5 eLpR
------------------------------------------------------------

Successfully completed.

Resource usage summary:

    CPU time :                                   656.17 sec.
    Max Memory :                                 139 MB
    Average Memory :                             108.78 MB
    Total Requested Memory :                     4000.00 MB
    Delta Memory :                               3861.00 MB
    Max Swap :                                   -
    Max Processes :                              9
    Max Threads :                                10
    Run time :                                   691 sec.
    Turnaround time :                            691 sec.

The output (if any) follows:

+ flist=list/I108668_I108670_l5.list
+ start=7
+ end=9
+ inputxml=VRsteer.xml
+ gearxml=gear_ILD_l5_v02.xml
+ isolep=electron
+ model=l5
+ chiral=eLpR
+ outputDir=/group/ilc/users/yokugawa/TTbar/l5/eLpR/semiLep/electron
+ logDir=./log
+ tmpxmlDir=./tmpxml
+ xmlDir=./myxml
++ seq 7 9
+ for count in '$(seq $start $end)'
++ tail -1
++ head -7 list/I108668_I108670_l5.list
+ input=/group/ilc/users/yokugawa/TTbar/l5/eLpR/semiLep/electron/slcio/rv02-00-01.sv02-00-01.mILD_l5_o1_v02.E500-TDR_ws.I108668.Pyyveyx.eL.pR.n003.d_dstm_10271_6_NewVtx.slcio
+ echo /group/ilc/users/yokugawa/TTbar/l5/eLpR/semiLep/electron/slcio/rv02-00-01.sv02-00-01.mILD_l5_o1_v02.E500-TDR_ws.I108668.Pyyveyx.eL.pR.n003.d_dstm_10271_6_NewVtx.slcio
/group/ilc/users/yokugawa/TTbar/l5/eLpR/semiLep/electron/slcio/rv02-00-01.sv02-00-01.mILD_l5_o1_v02.E500-TDR_ws.I108668.Pyyveyx.eL.pR.n003.d_dstm_10271_6_NewVtx.slcio
++ basename /group/ilc/users/yokugawa/TTbar/l5/eLpR/semiLep/electron/slcio/rv02-00-01.sv02-00-01.mILD_l5_o1_v02.E500-TDR_ws.I108668.Pyyveyx.eL.pR.n003.d_dstm_10271_6_NewVtx.slcio
+ filename=rv02-00-01.sv02-00-01.mILD_l5_o1_v02.E500-TDR_ws.I108668.Pyyveyx.eL.pR.n003.d_dstm_10271_6_NewVtx.slcio
+ filename=rv02-00-01.sv02-00-01.mILD_l5_o1_v02.E500-TDR_ws.I108668.Pyyveyx.eL.pR.n003.d_dstm_10271_6_NewVtx
+ echo rv02-00-01.sv02-00-01.mILD_l5_o1_v02.E500-TDR_ws.I108668.Pyyveyx.eL.pR.n003.d_dstm_10271_6_NewVtx
rv02-00-01.sv02-00-01.mILD_l5_o1_v02.E500-TDR_ws.I108668.Pyyveyx.eL.pR.n003.d_dstm_10271_6_NewVtx
+ tmpxml=./tmpxml/rv02-00-01.sv02-00-01.mILD_l5_o1_v02.E500-TDR_ws.I108668.Pyyveyx.eL.pR.n003.d_dstm_10271_6_NewVtx.xml
+ lastxml=./myxml/rv02-00-01.sv02-00-01.mILD_l5_o1_v02.E500-TDR_ws.I108668.Pyyveyx.eL.pR.n003.d_dstm_10271_6_NewVtx.xml
+ log=./log/rv02-00-01.sv02-00-01.mILD_l5_o1_v02.E500-TDR_ws.I108668.Pyyveyx.eL.pR.n003.d_dstm_10271_6_NewVtx.log
+ rootout4=/group/ilc/users/yokugawa/TTbar/l5/eLpR/semiLep/electron/vertex_restorer_out/rv02-00-01.sv02-00-01.mILD_l5_o1_v02.E500-TDR_ws.I108668.Pyyveyx.eL.pR.n003.d_dstm_10271_6_NewVtx_VR.root
+ rootout5=/group/ilc/users/yokugawa/TTbar/l5/eLpR/semiLep/electron/TrashRecoProcessor_out/after_vtx_recovery/rv02-00-01.sv02-00-01.mILD_l5_o1_v02.E500-TDR_ws.I108668.Pyyveyx.eL.pR.n003.d_dstm_10271_6_NewVtx_TRP_after.root
+ slcioout=/group/ilc/users/yokugawa/TTbar/l5/eLpR/semiLep/electron/slcio_final/rv02-00-01.sv02-00-01.mILD_l5_o1_v02.E500-TDR_ws.I108668.Pyyveyx.eL.pR.n003.d_dstm_10271_6_NewVtx.slcio
+ '[' l5 == l5 ']'
+ bfield=3.5
+ sed -e '/<!-- Parameter bfield -->/i 3.5'
+ sed -e '/<!-- OUTPUT5.root -->/i /group/ilc/users/yokugawa/TTbar/l5/eLpR/semiLep/electron/TrashRecoProcessor_out/after_vtx_recovery/rv02-00-01.sv02-00-01.mILD_l5_o1_v02.E500-TDR_ws.I108668.Pyyveyx.eL.pR.n003.d_dstm_10271_6_NewVtx_TRP_after.root'
+ sed -e '/<!-- OUTPUT.slcio -->/i /group/ilc/users/yokugawa/TTbar/l5/eLpR/semiLep/electron/slcio_final/rv02-00-01.sv02-00-01.mILD_l5_o1_v02.E500-TDR_ws.I108668.Pyyveyx.eL.pR.n003.d_dstm_10271_6_NewVtx.slcio'
+ sed -e '/<!-- OUTPUT4.root -->/i /group/ilc/users/yokugawa/TTbar/l5/eLpR/semiLep/electron/vertex_restorer_out/rv02-00-01.sv02-00-01.mILD_l5_o1_v02.E500-TDR_ws.I108668.Pyyveyx.eL.pR.n003.d_dstm_10271_6_NewVtx_VR.root'
+ sed -e '/<!-- GEAR.xml -->/i gear_ILD_l5_v02.xml'
+ sed -e '/<!-- INPUT.slcio -->/i /group/ilc/users/yokugawa/TTbar/l5/eLpR/semiLep/electron/slcio/rv02-00-01.sv02-00-01.mILD_l5_o1_v02.E500-TDR_ws.I108668.Pyyveyx.eL.pR.n003.d_dstm_10271_6_NewVtx.slcio' VRsteer.xml
+ /cvmfs/ilc.desy.de/sw/x86_64_gcc49_sl6/v02-00-02/Marlin/v01-16/bin/Marlin ./myxml/rv02-00-01.sv02-00-01.mILD_l5_o1_v02.E500-TDR_ws.I108668.Pyyveyx.eL.pR.n003.d_dstm_10271_6_NewVtx.xml
+ echo '7 event finished'
7 event finished
+ for count in '$(seq $start $end)'
++ tail -1
++ head -8 list/I108668_I108670_l5.list
+ input=/group/ilc/users/yokugawa/TTbar/l5/eLpR/semiLep/electron/slcio/rv02-00-01.sv02-00-01.mILD_l5_o1_v02.E500-TDR_ws.I108668.Pyyveyx.eL.pR.n003.d_dstm_10271_7_NewVtx.slcio
+ echo /group/ilc/users/yokugawa/TTbar/l5/eLpR/semiLep/electron/slcio/rv02-00-01.sv02-00-01.mILD_l5_o1_v02.E500-TDR_ws.I108668.Pyyveyx.eL.pR.n003.d_dstm_10271_7_NewVtx.slcio
/group/ilc/users/yokugawa/TTbar/l5/eLpR/semiLep/electron/slcio/rv02-00-01.sv02-00-01.mILD_l5_o1_v02.E500-TDR_ws.I108668.Pyyveyx.eL.pR.n003.d_dstm_10271_7_NewVtx.slcio
++ basename /group/ilc/users/yokugawa/TTbar/l5/eLpR/semiLep/electron/slcio/rv02-00-01.sv02-00-01.mILD_l5_o1_v02.E500-TDR_ws.I108668.Pyyveyx.eL.pR.n003.d_dstm_10271_7_NewVtx.slcio
+ filename=rv02-00-01.sv02-00-01.mILD_l5_o1_v02.E500-TDR_ws.I108668.Pyyveyx.eL.pR.n003.d_dstm_10271_7_NewVtx.slcio
+ filename=rv02-00-01.sv02-00-01.mILD_l5_o1_v02.E500-TDR_ws.I108668.Pyyveyx.eL.pR.n003.d_dstm_10271_7_NewVtx
+ echo rv02-00-01.sv02-00-01.mILD_l5_o1_v02.E500-TDR_ws.I108668.Pyyveyx.eL.pR.n003.d_dstm_10271_7_NewVtx
rv02-00-01.sv02-00-01.mILD_l5_o1_v02.E500-TDR_ws.I108668.Pyyveyx.eL.pR.n003.d_dstm_10271_7_NewVtx
+ tmpxml=./tmpxml/rv02-00-01.sv02-00-01.mILD_l5_o1_v02.E500-TDR_ws.I108668.Pyyveyx.eL.pR.n003.d_dstm_10271_7_NewVtx.xml
+ lastxml=./myxml/rv02-00-01.sv02-00-01.mILD_l5_o1_v02.E500-TDR_ws.I108668.Pyyveyx.eL.pR.n003.d_dstm_10271_7_NewVtx.xml
+ log=./log/rv02-00-01.sv02-00-01.mILD_l5_o1_v02.E500-TDR_ws.I108668.Pyyveyx.eL.pR.n003.d_dstm_10271_7_NewVtx.log
+ rootout4=/group/ilc/users/yokugawa/TTbar/l5/eLpR/semiLep/electron/vertex_restorer_out/rv02-00-01.sv02-00-01.mILD_l5_o1_v02.E500-TDR_ws.I108668.Pyyveyx.eL.pR.n003.d_dstm_10271_7_NewVtx_VR.root
+ rootout5=/group/ilc/users/yokugawa/TTbar/l5/eLpR/semiLep/electron/TrashRecoProcessor_out/after_vtx_recovery/rv02-00-01.sv02-00-01.mILD_l5_o1_v02.E500-TDR_ws.I108668.Pyyveyx.eL.pR.n003.d_dstm_10271_7_NewVtx_TRP_after.root
+ slcioout=/group/ilc/users/yokugawa/TTbar/l5/eLpR/semiLep/electron/slcio_final/rv02-00-01.sv02-00-01.mILD_l5_o1_v02.E500-TDR_ws.I108668.Pyyveyx.eL.pR.n003.d_dstm_10271_7_NewVtx.slcio
+ '[' l5 == l5 ']'
+ bfield=3.5
+ sed -e '/<!-- OUTPUT5.root -->/i /group/ilc/users/yokugawa/TTbar/l5/eLpR/semiLep/electron/TrashRecoProcessor_out/after_vtx_recovery/rv02-00-01.sv02-00-01.mILD_l5_o1_v02.E500-TDR_ws.I108668.Pyyveyx.eL.pR.n003.d_dstm_10271_7_NewVtx_TRP_after.root'
+ sed -e '/<!-- OUTPUT.slcio -->/i /group/ilc/users/yokugawa/TTbar/l5/eLpR/semiLep/electron/slcio_final/rv02-00-01.sv02-00-01.mILD_l5_o1_v02.E500-TDR_ws.I108668.Pyyveyx.eL.pR.n003.d_dstm_10271_7_NewVtx.slcio'
+ sed -e '/<!-- Parameter bfield -->/i 3.5'
+ sed -e '/<!-- OUTPUT4.root -->/i /group/ilc/users/yokugawa/TTbar/l5/eLpR/semiLep/electron/vertex_restorer_out/rv02-00-01.sv02-00-01.mILD_l5_o1_v02.E500-TDR_ws.I108668.Pyyveyx.eL.pR.n003.d_dstm_10271_7_NewVtx_VR.root'
+ sed -e '/<!-- GEAR.xml -->/i gear_ILD_l5_v02.xml'
+ sed -e '/<!-- INPUT.slcio -->/i /group/ilc/users/yokugawa/TTbar/l5/eLpR/semiLep/electron/slcio/rv02-00-01.sv02-00-01.mILD_l5_o1_v02.E500-TDR_ws.I108668.Pyyveyx.eL.pR.n003.d_dstm_10271_7_NewVtx.slcio' VRsteer.xml
+ /cvmfs/ilc.desy.de/sw/x86_64_gcc49_sl6/v02-00-02/Marlin/v01-16/bin/Marlin ./myxml/rv02-00-01.sv02-00-01.mILD_l5_o1_v02.E500-TDR_ws.I108668.Pyyveyx.eL.pR.n003.d_dstm_10271_7_NewVtx.xml
+ echo '8 event finished'
8 event finished
+ for count in '$(seq $start $end)'
++ tail -1
++ head -9 list/I108668_I108670_l5.list
+ input=/group/ilc/users/yokugawa/TTbar/l5/eLpR/semiLep/electron/slcio/rv02-00-01.sv02-00-01.mILD_l5_o1_v02.E500-TDR_ws.I108668.Pyyveyx.eL.pR.n004.d_dstm_10271_8_NewVtx.slcio
+ echo /group/ilc/users/yokugawa/TTbar/l5/eLpR/semiLep/electron/slcio/rv02-00-01.sv02-00-01.mILD_l5_o1_v02.E500-TDR_ws.I108668.Pyyveyx.eL.pR.n004.d_dstm_10271_8_NewVtx.slcio
/group/ilc/users/yokugawa/TTbar/l5/eLpR/semiLep/electron/slcio/rv02-00-01.sv02-00-01.mILD_l5_o1_v02.E500-TDR_ws.I108668.Pyyveyx.eL.pR.n004.d_dstm_10271_8_NewVtx.slcio
++ basename /group/ilc/users/yokugawa/TTbar/l5/eLpR/semiLep/electron/slcio/rv02-00-01.sv02-00-01.mILD_l5_o1_v02.E500-TDR_ws.I108668.Pyyveyx.eL.pR.n004.d_dstm_10271_8_NewVtx.slcio
+ filename=rv02-00-01.sv02-00-01.mILD_l5_o1_v02.E500-TDR_ws.I108668.Pyyveyx.eL.pR.n004.d_dstm_10271_8_NewVtx.slcio
+ filename=rv02-00-01.sv02-00-01.mILD_l5_o1_v02.E500-TDR_ws.I108668.Pyyveyx.eL.pR.n004.d_dstm_10271_8_NewVtx
+ echo rv02-00-01.sv02-00-01.mILD_l5_o1_v02.E500-TDR_ws.I108668.Pyyveyx.eL.pR.n004.d_dstm_10271_8_NewVtx
rv02-00-01.sv02-00-01.mILD_l5_o1_v02.E500-TDR_ws.I108668.Pyyveyx.eL.pR.n004.d_dstm_10271_8_NewVtx
+ tmpxml=./tmpxml/rv02-00-01.sv02-00-01.mILD_l5_o1_v02.E500-TDR_ws.I108668.Pyyveyx.eL.pR.n004.d_dstm_10271_8_NewVtx.xml
+ lastxml=./myxml/rv02-00-01.sv02-00-01.mILD_l5_o1_v02.E500-TDR_ws.I108668.Pyyveyx.eL.pR.n004.d_dstm_10271_8_NewVtx.xml
+ log=./log/rv02-00-01.sv02-00-01.mILD_l5_o1_v02.E500-TDR_ws.I108668.Pyyveyx.eL.pR.n004.d_dstm_10271_8_NewVtx.log
+ rootout4=/group/ilc/users/yokugawa/TTbar/l5/eLpR/semiLep/electron/vertex_restorer_out/rv02-00-01.sv02-00-01.mILD_l5_o1_v02.E500-TDR_ws.I108668.Pyyveyx.eL.pR.n004.d_dstm_10271_8_NewVtx_VR.root
+ rootout5=/group/ilc/users/yokugawa/TTbar/l5/eLpR/semiLep/electron/TrashRecoProcessor_out/after_vtx_recovery/rv02-00-01.sv02-00-01.mILD_l5_o1_v02.E500-TDR_ws.I108668.Pyyveyx.eL.pR.n004.d_dstm_10271_8_NewVtx_TRP_after.root
+ slcioout=/group/ilc/users/yokugawa/TTbar/l5/eLpR/semiLep/electron/slcio_final/rv02-00-01.sv02-00-01.mILD_l5_o1_v02.E500-TDR_ws.I108668.Pyyveyx.eL.pR.n004.d_dstm_10271_8_NewVtx.slcio
+ '[' l5 == l5 ']'
+ bfield=3.5
+ sed -e '/<!-- OUTPUT5.root -->/i /group/ilc/users/yokugawa/TTbar/l5/eLpR/semiLep/electron/TrashRecoProcessor_out/after_vtx_recovery/rv02-00-01.sv02-00-01.mILD_l5_o1_v02.E500-TDR_ws.I108668.Pyyveyx.eL.pR.n004.d_dstm_10271_8_NewVtx_TRP_after.root'
+ sed -e '/<!-- OUTPUT.slcio -->/i /group/ilc/users/yokugawa/TTbar/l5/eLpR/semiLep/electron/slcio_final/rv02-00-01.sv02-00-01.mILD_l5_o1_v02.E500-TDR_ws.I108668.Pyyveyx.eL.pR.n004.d_dstm_10271_8_NewVtx.slcio'
+ sed -e '/<!-- Parameter bfield -->/i 3.5'
+ sed -e '/<!-- OUTPUT4.root -->/i /group/ilc/users/yokugawa/TTbar/l5/eLpR/semiLep/electron/vertex_restorer_out/rv02-00-01.sv02-00-01.mILD_l5_o1_v02.E500-TDR_ws.I108668.Pyyveyx.eL.pR.n004.d_dstm_10271_8_NewVtx_VR.root'
+ sed -e '/<!-- GEAR.xml -->/i gear_ILD_l5_v02.xml'
+ sed -e '/<!-- INPUT.slcio -->/i /group/ilc/users/yokugawa/TTbar/l5/eLpR/semiLep/electron/slcio/rv02-00-01.sv02-00-01.mILD_l5_o1_v02.E500-TDR_ws.I108668.Pyyveyx.eL.pR.n004.d_dstm_10271_8_NewVtx.slcio' VRsteer.xml
+ /cvmfs/ilc.desy.de/sw/x86_64_gcc49_sl6/v02-00-02/Marlin/v01-16/bin/Marlin ./myxml/rv02-00-01.sv02-00-01.mILD_l5_o1_v02.E500-TDR_ws.I108668.Pyyveyx.eL.pR.n004.d_dstm_10271_8_NewVtx.xml
+ echo '9 event finished'
9 event finished
