Sender: LSF System <lsfadmin@cb038>
Subject: Job 4819122: <ana001> in cluster <centralcluster> Done

Job <ana001> was submitted from host <cw03> by user <yokugawa> in cluster <centralcluster> at Fri May 22 00:44:16 2020
Job was executed on host(s) <cb038>, in queue <s>, as user <yokugawa> in cluster <centralcluster> at Fri May 22 00:44:17 2020
</home/ilc/yokugawa> was used as the home directory.
</home/ilc/yokugawa/VertexRestorerNew/run> was used as the working directory.
Started at Fri May 22 00:44:17 2020
Terminated at Fri May 22 00:55:50 2020
Results reported at Fri May 22 00:55:50 2020

Your job looked like:

------------------------------------------------------------
# LSBATCH: User input
./runMarlin2 list/I108668_I108670_l5.list 1 3 VRsteer.xml gear_ILD_l5_v02.xml electron l5 eLpR
------------------------------------------------------------

Successfully completed.

Resource usage summary:

    CPU time :                                   661.91 sec.
    Max Memory :                                 144 MB
    Average Memory :                             111.89 MB
    Total Requested Memory :                     4000.00 MB
    Delta Memory :                               3856.00 MB
    Max Swap :                                   -
    Max Processes :                              4
    Max Threads :                                5
    Run time :                                   692 sec.
    Turnaround time :                            694 sec.

The output (if any) follows:

+ flist=list/I108668_I108670_l5.list
+ start=1
+ end=3
+ inputxml=VRsteer.xml
+ gearxml=gear_ILD_l5_v02.xml
+ isolep=electron
+ model=l5
+ chiral=eLpR
+ outputDir=/group/ilc/users/yokugawa/TTbar/l5/eLpR/semiLep/electron
+ logDir=./log
+ tmpxmlDir=./tmpxml
+ xmlDir=./myxml
++ seq 1 3
+ for count in '$(seq $start $end)'
++ tail -1
++ head -1 list/I108668_I108670_l5.list
+ input=/group/ilc/users/yokugawa/TTbar/l5/eLpR/semiLep/electron/slcio/rv02-00-01.sv02-00-01.mILD_l5_o1_v02.E500-TDR_ws.I108668.Pyyveyx.eL.pR.n001.d_dstm_10271_0_NewVtx.slcio
+ echo /group/ilc/users/yokugawa/TTbar/l5/eLpR/semiLep/electron/slcio/rv02-00-01.sv02-00-01.mILD_l5_o1_v02.E500-TDR_ws.I108668.Pyyveyx.eL.pR.n001.d_dstm_10271_0_NewVtx.slcio
/group/ilc/users/yokugawa/TTbar/l5/eLpR/semiLep/electron/slcio/rv02-00-01.sv02-00-01.mILD_l5_o1_v02.E500-TDR_ws.I108668.Pyyveyx.eL.pR.n001.d_dstm_10271_0_NewVtx.slcio
++ basename /group/ilc/users/yokugawa/TTbar/l5/eLpR/semiLep/electron/slcio/rv02-00-01.sv02-00-01.mILD_l5_o1_v02.E500-TDR_ws.I108668.Pyyveyx.eL.pR.n001.d_dstm_10271_0_NewVtx.slcio
+ filename=rv02-00-01.sv02-00-01.mILD_l5_o1_v02.E500-TDR_ws.I108668.Pyyveyx.eL.pR.n001.d_dstm_10271_0_NewVtx.slcio
+ filename=rv02-00-01.sv02-00-01.mILD_l5_o1_v02.E500-TDR_ws.I108668.Pyyveyx.eL.pR.n001.d_dstm_10271_0_NewVtx
+ echo rv02-00-01.sv02-00-01.mILD_l5_o1_v02.E500-TDR_ws.I108668.Pyyveyx.eL.pR.n001.d_dstm_10271_0_NewVtx
rv02-00-01.sv02-00-01.mILD_l5_o1_v02.E500-TDR_ws.I108668.Pyyveyx.eL.pR.n001.d_dstm_10271_0_NewVtx
+ tmpxml=./tmpxml/rv02-00-01.sv02-00-01.mILD_l5_o1_v02.E500-TDR_ws.I108668.Pyyveyx.eL.pR.n001.d_dstm_10271_0_NewVtx.xml
+ lastxml=./myxml/rv02-00-01.sv02-00-01.mILD_l5_o1_v02.E500-TDR_ws.I108668.Pyyveyx.eL.pR.n001.d_dstm_10271_0_NewVtx.xml
+ log=./log/rv02-00-01.sv02-00-01.mILD_l5_o1_v02.E500-TDR_ws.I108668.Pyyveyx.eL.pR.n001.d_dstm_10271_0_NewVtx.log
+ rootout4=/group/ilc/users/yokugawa/TTbar/l5/eLpR/semiLep/electron/vertex_restorer_out/rv02-00-01.sv02-00-01.mILD_l5_o1_v02.E500-TDR_ws.I108668.Pyyveyx.eL.pR.n001.d_dstm_10271_0_NewVtx_VR.root
+ rootout5=/group/ilc/users/yokugawa/TTbar/l5/eLpR/semiLep/electron/TrashRecoProcessor_out/after_vtx_recovery/rv02-00-01.sv02-00-01.mILD_l5_o1_v02.E500-TDR_ws.I108668.Pyyveyx.eL.pR.n001.d_dstm_10271_0_NewVtx_TRP_after.root
+ slcioout=/group/ilc/users/yokugawa/TTbar/l5/eLpR/semiLep/electron/slcio_final/rv02-00-01.sv02-00-01.mILD_l5_o1_v02.E500-TDR_ws.I108668.Pyyveyx.eL.pR.n001.d_dstm_10271_0_NewVtx.slcio
+ '[' l5 == l5 ']'
+ bfield=3.5
+ sed -e '/<!-- OUTPUT5.root -->/i /group/ilc/users/yokugawa/TTbar/l5/eLpR/semiLep/electron/TrashRecoProcessor_out/after_vtx_recovery/rv02-00-01.sv02-00-01.mILD_l5_o1_v02.E500-TDR_ws.I108668.Pyyveyx.eL.pR.n001.d_dstm_10271_0_NewVtx_TRP_after.root'
+ sed -e '/<!-- OUTPUT.slcio -->/i /group/ilc/users/yokugawa/TTbar/l5/eLpR/semiLep/electron/slcio_final/rv02-00-01.sv02-00-01.mILD_l5_o1_v02.E500-TDR_ws.I108668.Pyyveyx.eL.pR.n001.d_dstm_10271_0_NewVtx.slcio'
+ sed -e '/<!-- Parameter bfield -->/i 3.5'
+ sed -e '/<!-- OUTPUT4.root -->/i /group/ilc/users/yokugawa/TTbar/l5/eLpR/semiLep/electron/vertex_restorer_out/rv02-00-01.sv02-00-01.mILD_l5_o1_v02.E500-TDR_ws.I108668.Pyyveyx.eL.pR.n001.d_dstm_10271_0_NewVtx_VR.root'
+ sed -e '/<!-- GEAR.xml -->/i gear_ILD_l5_v02.xml'
+ sed -e '/<!-- INPUT.slcio -->/i /group/ilc/users/yokugawa/TTbar/l5/eLpR/semiLep/electron/slcio/rv02-00-01.sv02-00-01.mILD_l5_o1_v02.E500-TDR_ws.I108668.Pyyveyx.eL.pR.n001.d_dstm_10271_0_NewVtx.slcio' VRsteer.xml
+ /cvmfs/ilc.desy.de/sw/x86_64_gcc49_sl6/v02-00-02/Marlin/v01-16/bin/Marlin ./myxml/rv02-00-01.sv02-00-01.mILD_l5_o1_v02.E500-TDR_ws.I108668.Pyyveyx.eL.pR.n001.d_dstm_10271_0_NewVtx.xml
+ echo '1 event finished'
1 event finished
+ for count in '$(seq $start $end)'
++ tail -1
++ head -2 list/I108668_I108670_l5.list
+ input=/group/ilc/users/yokugawa/TTbar/l5/eLpR/semiLep/electron/slcio/rv02-00-01.sv02-00-01.mILD_l5_o1_v02.E500-TDR_ws.I108668.Pyyveyx.eL.pR.n001.d_dstm_10271_1_NewVtx.slcio
+ echo /group/ilc/users/yokugawa/TTbar/l5/eLpR/semiLep/electron/slcio/rv02-00-01.sv02-00-01.mILD_l5_o1_v02.E500-TDR_ws.I108668.Pyyveyx.eL.pR.n001.d_dstm_10271_1_NewVtx.slcio
/group/ilc/users/yokugawa/TTbar/l5/eLpR/semiLep/electron/slcio/rv02-00-01.sv02-00-01.mILD_l5_o1_v02.E500-TDR_ws.I108668.Pyyveyx.eL.pR.n001.d_dstm_10271_1_NewVtx.slcio
++ basename /group/ilc/users/yokugawa/TTbar/l5/eLpR/semiLep/electron/slcio/rv02-00-01.sv02-00-01.mILD_l5_o1_v02.E500-TDR_ws.I108668.Pyyveyx.eL.pR.n001.d_dstm_10271_1_NewVtx.slcio
+ filename=rv02-00-01.sv02-00-01.mILD_l5_o1_v02.E500-TDR_ws.I108668.Pyyveyx.eL.pR.n001.d_dstm_10271_1_NewVtx.slcio
+ filename=rv02-00-01.sv02-00-01.mILD_l5_o1_v02.E500-TDR_ws.I108668.Pyyveyx.eL.pR.n001.d_dstm_10271_1_NewVtx
+ echo rv02-00-01.sv02-00-01.mILD_l5_o1_v02.E500-TDR_ws.I108668.Pyyveyx.eL.pR.n001.d_dstm_10271_1_NewVtx
rv02-00-01.sv02-00-01.mILD_l5_o1_v02.E500-TDR_ws.I108668.Pyyveyx.eL.pR.n001.d_dstm_10271_1_NewVtx
+ tmpxml=./tmpxml/rv02-00-01.sv02-00-01.mILD_l5_o1_v02.E500-TDR_ws.I108668.Pyyveyx.eL.pR.n001.d_dstm_10271_1_NewVtx.xml
+ lastxml=./myxml/rv02-00-01.sv02-00-01.mILD_l5_o1_v02.E500-TDR_ws.I108668.Pyyveyx.eL.pR.n001.d_dstm_10271_1_NewVtx.xml
+ log=./log/rv02-00-01.sv02-00-01.mILD_l5_o1_v02.E500-TDR_ws.I108668.Pyyveyx.eL.pR.n001.d_dstm_10271_1_NewVtx.log
+ rootout4=/group/ilc/users/yokugawa/TTbar/l5/eLpR/semiLep/electron/vertex_restorer_out/rv02-00-01.sv02-00-01.mILD_l5_o1_v02.E500-TDR_ws.I108668.Pyyveyx.eL.pR.n001.d_dstm_10271_1_NewVtx_VR.root
+ rootout5=/group/ilc/users/yokugawa/TTbar/l5/eLpR/semiLep/electron/TrashRecoProcessor_out/after_vtx_recovery/rv02-00-01.sv02-00-01.mILD_l5_o1_v02.E500-TDR_ws.I108668.Pyyveyx.eL.pR.n001.d_dstm_10271_1_NewVtx_TRP_after.root
+ slcioout=/group/ilc/users/yokugawa/TTbar/l5/eLpR/semiLep/electron/slcio_final/rv02-00-01.sv02-00-01.mILD_l5_o1_v02.E500-TDR_ws.I108668.Pyyveyx.eL.pR.n001.d_dstm_10271_1_NewVtx.slcio
+ '[' l5 == l5 ']'
+ bfield=3.5
+ sed -e '/<!-- OUTPUT5.root -->/i /group/ilc/users/yokugawa/TTbar/l5/eLpR/semiLep/electron/TrashRecoProcessor_out/after_vtx_recovery/rv02-00-01.sv02-00-01.mILD_l5_o1_v02.E500-TDR_ws.I108668.Pyyveyx.eL.pR.n001.d_dstm_10271_1_NewVtx_TRP_after.root'
+ sed -e '/<!-- OUTPUT.slcio -->/i /group/ilc/users/yokugawa/TTbar/l5/eLpR/semiLep/electron/slcio_final/rv02-00-01.sv02-00-01.mILD_l5_o1_v02.E500-TDR_ws.I108668.Pyyveyx.eL.pR.n001.d_dstm_10271_1_NewVtx.slcio'
+ sed -e '/<!-- Parameter bfield -->/i 3.5'
+ sed -e '/<!-- OUTPUT4.root -->/i /group/ilc/users/yokugawa/TTbar/l5/eLpR/semiLep/electron/vertex_restorer_out/rv02-00-01.sv02-00-01.mILD_l5_o1_v02.E500-TDR_ws.I108668.Pyyveyx.eL.pR.n001.d_dstm_10271_1_NewVtx_VR.root'
+ sed -e '/<!-- GEAR.xml -->/i gear_ILD_l5_v02.xml'
+ sed -e '/<!-- INPUT.slcio -->/i /group/ilc/users/yokugawa/TTbar/l5/eLpR/semiLep/electron/slcio/rv02-00-01.sv02-00-01.mILD_l5_o1_v02.E500-TDR_ws.I108668.Pyyveyx.eL.pR.n001.d_dstm_10271_1_NewVtx.slcio' VRsteer.xml
+ /cvmfs/ilc.desy.de/sw/x86_64_gcc49_sl6/v02-00-02/Marlin/v01-16/bin/Marlin ./myxml/rv02-00-01.sv02-00-01.mILD_l5_o1_v02.E500-TDR_ws.I108668.Pyyveyx.eL.pR.n001.d_dstm_10271_1_NewVtx.xml
+ echo '2 event finished'
2 event finished
+ for count in '$(seq $start $end)'
++ tail -1
++ head -3 list/I108668_I108670_l5.list
+ input=/group/ilc/users/yokugawa/TTbar/l5/eLpR/semiLep/electron/slcio/rv02-00-01.sv02-00-01.mILD_l5_o1_v02.E500-TDR_ws.I108668.Pyyveyx.eL.pR.n001.d_dstm_10271_2_NewVtx.slcio
+ echo /group/ilc/users/yokugawa/TTbar/l5/eLpR/semiLep/electron/slcio/rv02-00-01.sv02-00-01.mILD_l5_o1_v02.E500-TDR_ws.I108668.Pyyveyx.eL.pR.n001.d_dstm_10271_2_NewVtx.slcio
/group/ilc/users/yokugawa/TTbar/l5/eLpR/semiLep/electron/slcio/rv02-00-01.sv02-00-01.mILD_l5_o1_v02.E500-TDR_ws.I108668.Pyyveyx.eL.pR.n001.d_dstm_10271_2_NewVtx.slcio
++ basename /group/ilc/users/yokugawa/TTbar/l5/eLpR/semiLep/electron/slcio/rv02-00-01.sv02-00-01.mILD_l5_o1_v02.E500-TDR_ws.I108668.Pyyveyx.eL.pR.n001.d_dstm_10271_2_NewVtx.slcio
+ filename=rv02-00-01.sv02-00-01.mILD_l5_o1_v02.E500-TDR_ws.I108668.Pyyveyx.eL.pR.n001.d_dstm_10271_2_NewVtx.slcio
+ filename=rv02-00-01.sv02-00-01.mILD_l5_o1_v02.E500-TDR_ws.I108668.Pyyveyx.eL.pR.n001.d_dstm_10271_2_NewVtx
+ echo rv02-00-01.sv02-00-01.mILD_l5_o1_v02.E500-TDR_ws.I108668.Pyyveyx.eL.pR.n001.d_dstm_10271_2_NewVtx
rv02-00-01.sv02-00-01.mILD_l5_o1_v02.E500-TDR_ws.I108668.Pyyveyx.eL.pR.n001.d_dstm_10271_2_NewVtx
+ tmpxml=./tmpxml/rv02-00-01.sv02-00-01.mILD_l5_o1_v02.E500-TDR_ws.I108668.Pyyveyx.eL.pR.n001.d_dstm_10271_2_NewVtx.xml
+ lastxml=./myxml/rv02-00-01.sv02-00-01.mILD_l5_o1_v02.E500-TDR_ws.I108668.Pyyveyx.eL.pR.n001.d_dstm_10271_2_NewVtx.xml
+ log=./log/rv02-00-01.sv02-00-01.mILD_l5_o1_v02.E500-TDR_ws.I108668.Pyyveyx.eL.pR.n001.d_dstm_10271_2_NewVtx.log
+ rootout4=/group/ilc/users/yokugawa/TTbar/l5/eLpR/semiLep/electron/vertex_restorer_out/rv02-00-01.sv02-00-01.mILD_l5_o1_v02.E500-TDR_ws.I108668.Pyyveyx.eL.pR.n001.d_dstm_10271_2_NewVtx_VR.root
+ rootout5=/group/ilc/users/yokugawa/TTbar/l5/eLpR/semiLep/electron/TrashRecoProcessor_out/after_vtx_recovery/rv02-00-01.sv02-00-01.mILD_l5_o1_v02.E500-TDR_ws.I108668.Pyyveyx.eL.pR.n001.d_dstm_10271_2_NewVtx_TRP_after.root
+ slcioout=/group/ilc/users/yokugawa/TTbar/l5/eLpR/semiLep/electron/slcio_final/rv02-00-01.sv02-00-01.mILD_l5_o1_v02.E500-TDR_ws.I108668.Pyyveyx.eL.pR.n001.d_dstm_10271_2_NewVtx.slcio
+ '[' l5 == l5 ']'
+ bfield=3.5
+ sed -e '/<!-- OUTPUT5.root -->/i /group/ilc/users/yokugawa/TTbar/l5/eLpR/semiLep/electron/TrashRecoProcessor_out/after_vtx_recovery/rv02-00-01.sv02-00-01.mILD_l5_o1_v02.E500-TDR_ws.I108668.Pyyveyx.eL.pR.n001.d_dstm_10271_2_NewVtx_TRP_after.root'
+ sed -e '/<!-- OUTPUT.slcio -->/i /group/ilc/users/yokugawa/TTbar/l5/eLpR/semiLep/electron/slcio_final/rv02-00-01.sv02-00-01.mILD_l5_o1_v02.E500-TDR_ws.I108668.Pyyveyx.eL.pR.n001.d_dstm_10271_2_NewVtx.slcio'
+ sed -e '/<!-- Parameter bfield -->/i 3.5'
+ sed -e '/<!-- OUTPUT4.root -->/i /group/ilc/users/yokugawa/TTbar/l5/eLpR/semiLep/electron/vertex_restorer_out/rv02-00-01.sv02-00-01.mILD_l5_o1_v02.E500-TDR_ws.I108668.Pyyveyx.eL.pR.n001.d_dstm_10271_2_NewVtx_VR.root'
+ sed -e '/<!-- GEAR.xml -->/i gear_ILD_l5_v02.xml'
+ sed -e '/<!-- INPUT.slcio -->/i /group/ilc/users/yokugawa/TTbar/l5/eLpR/semiLep/electron/slcio/rv02-00-01.sv02-00-01.mILD_l5_o1_v02.E500-TDR_ws.I108668.Pyyveyx.eL.pR.n001.d_dstm_10271_2_NewVtx.slcio' VRsteer.xml
+ /cvmfs/ilc.desy.de/sw/x86_64_gcc49_sl6/v02-00-02/Marlin/v01-16/bin/Marlin ./myxml/rv02-00-01.sv02-00-01.mILD_l5_o1_v02.E500-TDR_ws.I108668.Pyyveyx.eL.pR.n001.d_dstm_10271_2_NewVtx.xml
+ echo '3 event finished'
3 event finished
